.\Debug\VisImageUtil25.pdb
C:\Business\LIB\VisImageUtil\2.5\Win32\Source_VS2010_html5\.\Debug\VisImageUtil25.dll.intermediate.manifest
C:\BUSINESS\LIB\VISIMAGEUTIL\2.5\WIN32\SOURCE_VS2010_HTML5\DEBUG\CIMAGEUTIL.OBJ
C:\BUSINESS\LIB\VISIMAGEUTIL\2.5\WIN32\SOURCE_VS2010_HTML5\DEBUG\CIMAGEUTIL.SBR
C:\Business\LIB\VisImageUtil\2.5\Win32\Source_VS2010_html5\Debug\cl.command.1.tlog
C:\Business\LIB\VisImageUtil\2.5\Win32\Source_VS2010_html5\Debug\CL.read.1.tlog
C:\Business\LIB\VisImageUtil\2.5\Win32\Source_VS2010_html5\Debug\CL.write.1.tlog
C:\Business\LIB\VisImageUtil\2.5\Win32\Source_VS2010_html5\Debug\link.command.1.tlog
C:\Business\LIB\VisImageUtil\2.5\Win32\Source_VS2010_html5\Debug\link.read.1.tlog
C:\Business\LIB\VisImageUtil\2.5\Win32\Source_VS2010_html5\Debug\link.write.1.tlog
C:\Business\LIB\VisImageUtil\2.5\Win32\Source_VS2010_html5\Debug\link-cvtres.read.1.tlog
C:\Business\LIB\VisImageUtil\2.5\Win32\Source_VS2010_html5\Debug\link-cvtres.write.1.tlog
C:\Business\LIB\VisImageUtil\2.5\Win32\Source_VS2010_html5\Debug\rc.command.1.tlog
C:\Business\LIB\VisImageUtil\2.5\Win32\Source_VS2010_html5\Debug\rc.read.1.tlog
C:\Business\LIB\VisImageUtil\2.5\Win32\Source_VS2010_html5\Debug\rc.write.1.tlog
C:\BUSINESS\LIB\VISIMAGEUTIL\2.5\WIN32\SOURCE_VS2010_HTML5\DEBUG\STDAFX.OBJ
C:\BUSINESS\LIB\VISIMAGEUTIL\2.5\WIN32\SOURCE_VS2010_HTML5\DEBUG\STDAFX.SBR
C:\Business\LIB\VisImageUtil\2.5\Win32\Source_VS2010_html5\Debug\vc100.idb
C:\BUSINESS\LIB\VISIMAGEUTIL\2.5\WIN32\SOURCE_VS2010_HTML5\DEBUG\VC100.PDB
C:\Business\LIB\VisImageUtil\2.5\Win32\Source_VS2010_html5\Debug\VisImageUtil25.dll.embed.manifest
C:\BUSINESS\LIB\VISIMAGEUTIL\2.5\WIN32\SOURCE_VS2010_HTML5\DEBUG\VISIMAGEUTIL25.DLL.EMBED.MANIFEST.RES
C:\Business\LIB\VisImageUtil\2.5\Win32\Source_VS2010_html5\Debug\VisImageUtil25.dll.intermediate.manifest
C:\Business\LIB\VisImageUtil\2.5\Win32\Source_VS2010_html5\Debug\VisImageUtil25.exp
C:\BUSINESS\LIB\VISIMAGEUTIL\2.5\WIN32\SOURCE_VS2010_HTML5\DEBUG\VISIMAGEUTIL25.OBJ
C:\BUSINESS\LIB\VISIMAGEUTIL\2.5\WIN32\SOURCE_VS2010_HTML5\DEBUG\VISIMAGEUTIL25.PCH
C:\Business\LIB\VisImageUtil\2.5\Win32\Source_VS2010_html5\Debug\VisImageUtil25.pdb
C:\BUSINESS\LIB\VISIMAGEUTIL\2.5\WIN32\SOURCE_VS2010_HTML5\DEBUG\VISIMAGEUTIL25.RES
C:\BUSINESS\LIB\VISIMAGEUTIL\2.5\WIN32\SOURCE_VS2010_HTML5\DEBUG\VISIMAGEUTIL25.SBR
C:\Business\LIB\VisImageUtil\2.5\Win32\Source_VS2010_html5\Debug\VisImageUtil25.write.1.tlog
C:\Business\LIB\VisImageUtil\2.5\Win32\Source_VS2010_html5\Debug\VisImageUtil25_manifest.rc
