.\Debug\INFOLIBJPEG.bsc
C:\Business\LIB\VisImageUtil\2.5\Win32\Source_VS2010_html5\LIB\INFOLIBJPEG\.\Debug\INFOLIBJPEG.lib
C:\Business\LIB\VisImageUtil\2.5\Win32\Source_VS2010_html5\LIB\INFOLIBJPEG\Debug\BscMake.command.1.tlog
C:\Business\LIB\VisImageUtil\2.5\Win32\Source_VS2010_html5\LIB\INFOLIBJPEG\Debug\bscmake.read.1.tlog
C:\Business\LIB\VisImageUtil\2.5\Win32\Source_VS2010_html5\LIB\INFOLIBJPEG\Debug\bscmake.write.1.tlog
C:\Business\LIB\VisImageUtil\2.5\Win32\Source_VS2010_html5\LIB\INFOLIBJPEG\Debug\cl.command.1.tlog
C:\Business\LIB\VisImageUtil\2.5\Win32\Source_VS2010_html5\LIB\INFOLIBJPEG\Debug\CL.read.1.tlog
C:\Business\LIB\VisImageUtil\2.5\Win32\Source_VS2010_html5\LIB\INFOLIBJPEG\Debug\CL.write.1.tlog
C:\BUSINESS\LIB\VISIMAGEUTIL\2.5\WIN32\SOURCE_VS2010_HTML5\LIB\INFOLIBJPEG\DEBUG\INFOLIBJPEG.BSC
C:\BUSINESS\LIB\VISIMAGEUTIL\2.5\WIN32\SOURCE_VS2010_HTML5\LIB\INFOLIBJPEG\DEBUG\INFOLIBJPEG.LIB
C:\Business\LIB\VisImageUtil\2.5\Win32\Source_VS2010_html5\LIB\INFOLIBJPEG\Debug\INFOLIBJPEG.write.1.tlog
C:\BUSINESS\LIB\VISIMAGEUTIL\2.5\WIN32\SOURCE_VS2010_HTML5\LIB\INFOLIBJPEG\DEBUG\JARICOM.OBJ
C:\BUSINESS\LIB\VISIMAGEUTIL\2.5\WIN32\SOURCE_VS2010_HTML5\LIB\INFOLIBJPEG\DEBUG\JARICOM.SBR
C:\BUSINESS\LIB\VISIMAGEUTIL\2.5\WIN32\SOURCE_VS2010_HTML5\LIB\INFOLIBJPEG\DEBUG\JCAPIMIN.OBJ
C:\BUSINESS\LIB\VISIMAGEUTIL\2.5\WIN32\SOURCE_VS2010_HTML5\LIB\INFOLIBJPEG\DEBUG\JCAPIMIN.SBR
C:\BUSINESS\LIB\VISIMAGEUTIL\2.5\WIN32\SOURCE_VS2010_HTML5\LIB\INFOLIBJPEG\DEBUG\JCAPISTD.OBJ
C:\BUSINESS\LIB\VISIMAGEUTIL\2.5\WIN32\SOURCE_VS2010_HTML5\LIB\INFOLIBJPEG\DEBUG\JCAPISTD.SBR
C:\BUSINESS\LIB\VISIMAGEUTIL\2.5\WIN32\SOURCE_VS2010_HTML5\LIB\INFOLIBJPEG\DEBUG\JCARITH.OBJ
C:\BUSINESS\LIB\VISIMAGEUTIL\2.5\WIN32\SOURCE_VS2010_HTML5\LIB\INFOLIBJPEG\DEBUG\JCARITH.SBR
C:\BUSINESS\LIB\VISIMAGEUTIL\2.5\WIN32\SOURCE_VS2010_HTML5\LIB\INFOLIBJPEG\DEBUG\JCCOEFCT.OBJ
C:\BUSINESS\LIB\VISIMAGEUTIL\2.5\WIN32\SOURCE_VS2010_HTML5\LIB\INFOLIBJPEG\DEBUG\JCCOEFCT.SBR
C:\BUSINESS\LIB\VISIMAGEUTIL\2.5\WIN32\SOURCE_VS2010_HTML5\LIB\INFOLIBJPEG\DEBUG\JCCOLOR.OBJ
C:\BUSINESS\LIB\VISIMAGEUTIL\2.5\WIN32\SOURCE_VS2010_HTML5\LIB\INFOLIBJPEG\DEBUG\JCCOLOR.SBR
C:\BUSINESS\LIB\VISIMAGEUTIL\2.5\WIN32\SOURCE_VS2010_HTML5\LIB\INFOLIBJPEG\DEBUG\JCDCTMGR.OBJ
C:\BUSINESS\LIB\VISIMAGEUTIL\2.5\WIN32\SOURCE_VS2010_HTML5\LIB\INFOLIBJPEG\DEBUG\JCDCTMGR.SBR
C:\BUSINESS\LIB\VISIMAGEUTIL\2.5\WIN32\SOURCE_VS2010_HTML5\LIB\INFOLIBJPEG\DEBUG\JCHUFF.OBJ
C:\BUSINESS\LIB\VISIMAGEUTIL\2.5\WIN32\SOURCE_VS2010_HTML5\LIB\INFOLIBJPEG\DEBUG\JCHUFF.SBR
C:\BUSINESS\LIB\VISIMAGEUTIL\2.5\WIN32\SOURCE_VS2010_HTML5\LIB\INFOLIBJPEG\DEBUG\JCINIT.OBJ
C:\BUSINESS\LIB\VISIMAGEUTIL\2.5\WIN32\SOURCE_VS2010_HTML5\LIB\INFOLIBJPEG\DEBUG\JCINIT.SBR
C:\BUSINESS\LIB\VISIMAGEUTIL\2.5\WIN32\SOURCE_VS2010_HTML5\LIB\INFOLIBJPEG\DEBUG\JCMAINCT.OBJ
C:\BUSINESS\LIB\VISIMAGEUTIL\2.5\WIN32\SOURCE_VS2010_HTML5\LIB\INFOLIBJPEG\DEBUG\JCMAINCT.SBR
C:\BUSINESS\LIB\VISIMAGEUTIL\2.5\WIN32\SOURCE_VS2010_HTML5\LIB\INFOLIBJPEG\DEBUG\JCMARKER.OBJ
C:\BUSINESS\LIB\VISIMAGEUTIL\2.5\WIN32\SOURCE_VS2010_HTML5\LIB\INFOLIBJPEG\DEBUG\JCMARKER.SBR
C:\BUSINESS\LIB\VISIMAGEUTIL\2.5\WIN32\SOURCE_VS2010_HTML5\LIB\INFOLIBJPEG\DEBUG\JCMASTER.OBJ
C:\BUSINESS\LIB\VISIMAGEUTIL\2.5\WIN32\SOURCE_VS2010_HTML5\LIB\INFOLIBJPEG\DEBUG\JCMASTER.SBR
C:\BUSINESS\LIB\VISIMAGEUTIL\2.5\WIN32\SOURCE_VS2010_HTML5\LIB\INFOLIBJPEG\DEBUG\JCOMAPI.OBJ
C:\BUSINESS\LIB\VISIMAGEUTIL\2.5\WIN32\SOURCE_VS2010_HTML5\LIB\INFOLIBJPEG\DEBUG\JCOMAPI.SBR
C:\BUSINESS\LIB\VISIMAGEUTIL\2.5\WIN32\SOURCE_VS2010_HTML5\LIB\INFOLIBJPEG\DEBUG\JCPARAM.OBJ
C:\BUSINESS\LIB\VISIMAGEUTIL\2.5\WIN32\SOURCE_VS2010_HTML5\LIB\INFOLIBJPEG\DEBUG\JCPARAM.SBR
C:\BUSINESS\LIB\VISIMAGEUTIL\2.5\WIN32\SOURCE_VS2010_HTML5\LIB\INFOLIBJPEG\DEBUG\JCPREPCT.OBJ
C:\BUSINESS\LIB\VISIMAGEUTIL\2.5\WIN32\SOURCE_VS2010_HTML5\LIB\INFOLIBJPEG\DEBUG\JCPREPCT.SBR
C:\BUSINESS\LIB\VISIMAGEUTIL\2.5\WIN32\SOURCE_VS2010_HTML5\LIB\INFOLIBJPEG\DEBUG\JCSAMPLE.OBJ
C:\BUSINESS\LIB\VISIMAGEUTIL\2.5\WIN32\SOURCE_VS2010_HTML5\LIB\INFOLIBJPEG\DEBUG\JCSAMPLE.SBR
C:\BUSINESS\LIB\VISIMAGEUTIL\2.5\WIN32\SOURCE_VS2010_HTML5\LIB\INFOLIBJPEG\DEBUG\JCTRANS.OBJ
C:\BUSINESS\LIB\VISIMAGEUTIL\2.5\WIN32\SOURCE_VS2010_HTML5\LIB\INFOLIBJPEG\DEBUG\JCTRANS.SBR
C:\BUSINESS\LIB\VISIMAGEUTIL\2.5\WIN32\SOURCE_VS2010_HTML5\LIB\INFOLIBJPEG\DEBUG\JDAPIMIN.OBJ
C:\BUSINESS\LIB\VISIMAGEUTIL\2.5\WIN32\SOURCE_VS2010_HTML5\LIB\INFOLIBJPEG\DEBUG\JDAPIMIN.SBR
C:\BUSINESS\LIB\VISIMAGEUTIL\2.5\WIN32\SOURCE_VS2010_HTML5\LIB\INFOLIBJPEG\DEBUG\JDAPISTD.OBJ
C:\BUSINESS\LIB\VISIMAGEUTIL\2.5\WIN32\SOURCE_VS2010_HTML5\LIB\INFOLIBJPEG\DEBUG\JDAPISTD.SBR
C:\BUSINESS\LIB\VISIMAGEUTIL\2.5\WIN32\SOURCE_VS2010_HTML5\LIB\INFOLIBJPEG\DEBUG\JDARITH.OBJ
C:\BUSINESS\LIB\VISIMAGEUTIL\2.5\WIN32\SOURCE_VS2010_HTML5\LIB\INFOLIBJPEG\DEBUG\JDARITH.SBR
C:\BUSINESS\LIB\VISIMAGEUTIL\2.5\WIN32\SOURCE_VS2010_HTML5\LIB\INFOLIBJPEG\DEBUG\JDATADST.OBJ
C:\BUSINESS\LIB\VISIMAGEUTIL\2.5\WIN32\SOURCE_VS2010_HTML5\LIB\INFOLIBJPEG\DEBUG\JDATADST.SBR
C:\BUSINESS\LIB\VISIMAGEUTIL\2.5\WIN32\SOURCE_VS2010_HTML5\LIB\INFOLIBJPEG\DEBUG\JDATASRC.OBJ
C:\BUSINESS\LIB\VISIMAGEUTIL\2.5\WIN32\SOURCE_VS2010_HTML5\LIB\INFOLIBJPEG\DEBUG\JDATASRC.SBR
C:\BUSINESS\LIB\VISIMAGEUTIL\2.5\WIN32\SOURCE_VS2010_HTML5\LIB\INFOLIBJPEG\DEBUG\JDCOEFCT.OBJ
C:\BUSINESS\LIB\VISIMAGEUTIL\2.5\WIN32\SOURCE_VS2010_HTML5\LIB\INFOLIBJPEG\DEBUG\JDCOEFCT.SBR
C:\BUSINESS\LIB\VISIMAGEUTIL\2.5\WIN32\SOURCE_VS2010_HTML5\LIB\INFOLIBJPEG\DEBUG\JDCOLOR.OBJ
C:\BUSINESS\LIB\VISIMAGEUTIL\2.5\WIN32\SOURCE_VS2010_HTML5\LIB\INFOLIBJPEG\DEBUG\JDCOLOR.SBR
C:\BUSINESS\LIB\VISIMAGEUTIL\2.5\WIN32\SOURCE_VS2010_HTML5\LIB\INFOLIBJPEG\DEBUG\JDDCTMGR.OBJ
C:\BUSINESS\LIB\VISIMAGEUTIL\2.5\WIN32\SOURCE_VS2010_HTML5\LIB\INFOLIBJPEG\DEBUG\JDDCTMGR.SBR
C:\BUSINESS\LIB\VISIMAGEUTIL\2.5\WIN32\SOURCE_VS2010_HTML5\LIB\INFOLIBJPEG\DEBUG\JDHUFF.OBJ
C:\BUSINESS\LIB\VISIMAGEUTIL\2.5\WIN32\SOURCE_VS2010_HTML5\LIB\INFOLIBJPEG\DEBUG\JDHUFF.SBR
C:\BUSINESS\LIB\VISIMAGEUTIL\2.5\WIN32\SOURCE_VS2010_HTML5\LIB\INFOLIBJPEG\DEBUG\JDINPUT.OBJ
C:\BUSINESS\LIB\VISIMAGEUTIL\2.5\WIN32\SOURCE_VS2010_HTML5\LIB\INFOLIBJPEG\DEBUG\JDINPUT.SBR
C:\BUSINESS\LIB\VISIMAGEUTIL\2.5\WIN32\SOURCE_VS2010_HTML5\LIB\INFOLIBJPEG\DEBUG\JDMAINCT.OBJ
C:\BUSINESS\LIB\VISIMAGEUTIL\2.5\WIN32\SOURCE_VS2010_HTML5\LIB\INFOLIBJPEG\DEBUG\JDMAINCT.SBR
C:\BUSINESS\LIB\VISIMAGEUTIL\2.5\WIN32\SOURCE_VS2010_HTML5\LIB\INFOLIBJPEG\DEBUG\JDMARKER.OBJ
C:\BUSINESS\LIB\VISIMAGEUTIL\2.5\WIN32\SOURCE_VS2010_HTML5\LIB\INFOLIBJPEG\DEBUG\JDMARKER.SBR
C:\BUSINESS\LIB\VISIMAGEUTIL\2.5\WIN32\SOURCE_VS2010_HTML5\LIB\INFOLIBJPEG\DEBUG\JDMASTER.OBJ
C:\BUSINESS\LIB\VISIMAGEUTIL\2.5\WIN32\SOURCE_VS2010_HTML5\LIB\INFOLIBJPEG\DEBUG\JDMASTER.SBR
C:\BUSINESS\LIB\VISIMAGEUTIL\2.5\WIN32\SOURCE_VS2010_HTML5\LIB\INFOLIBJPEG\DEBUG\JDMERGE.OBJ
C:\BUSINESS\LIB\VISIMAGEUTIL\2.5\WIN32\SOURCE_VS2010_HTML5\LIB\INFOLIBJPEG\DEBUG\JDMERGE.SBR
C:\BUSINESS\LIB\VISIMAGEUTIL\2.5\WIN32\SOURCE_VS2010_HTML5\LIB\INFOLIBJPEG\DEBUG\JDPOSTCT.OBJ
C:\BUSINESS\LIB\VISIMAGEUTIL\2.5\WIN32\SOURCE_VS2010_HTML5\LIB\INFOLIBJPEG\DEBUG\JDPOSTCT.SBR
C:\BUSINESS\LIB\VISIMAGEUTIL\2.5\WIN32\SOURCE_VS2010_HTML5\LIB\INFOLIBJPEG\DEBUG\JDSAMPLE.OBJ
C:\BUSINESS\LIB\VISIMAGEUTIL\2.5\WIN32\SOURCE_VS2010_HTML5\LIB\INFOLIBJPEG\DEBUG\JDSAMPLE.SBR
C:\BUSINESS\LIB\VISIMAGEUTIL\2.5\WIN32\SOURCE_VS2010_HTML5\LIB\INFOLIBJPEG\DEBUG\JDTRANS.OBJ
C:\BUSINESS\LIB\VISIMAGEUTIL\2.5\WIN32\SOURCE_VS2010_HTML5\LIB\INFOLIBJPEG\DEBUG\JDTRANS.SBR
C:\BUSINESS\LIB\VISIMAGEUTIL\2.5\WIN32\SOURCE_VS2010_HTML5\LIB\INFOLIBJPEG\DEBUG\JERROR.OBJ
C:\BUSINESS\LIB\VISIMAGEUTIL\2.5\WIN32\SOURCE_VS2010_HTML5\LIB\INFOLIBJPEG\DEBUG\JERROR.SBR
C:\BUSINESS\LIB\VISIMAGEUTIL\2.5\WIN32\SOURCE_VS2010_HTML5\LIB\INFOLIBJPEG\DEBUG\JFDCTFLT.OBJ
C:\BUSINESS\LIB\VISIMAGEUTIL\2.5\WIN32\SOURCE_VS2010_HTML5\LIB\INFOLIBJPEG\DEBUG\JFDCTFLT.SBR
C:\BUSINESS\LIB\VISIMAGEUTIL\2.5\WIN32\SOURCE_VS2010_HTML5\LIB\INFOLIBJPEG\DEBUG\JFDCTFST.OBJ
C:\BUSINESS\LIB\VISIMAGEUTIL\2.5\WIN32\SOURCE_VS2010_HTML5\LIB\INFOLIBJPEG\DEBUG\JFDCTFST.SBR
C:\BUSINESS\LIB\VISIMAGEUTIL\2.5\WIN32\SOURCE_VS2010_HTML5\LIB\INFOLIBJPEG\DEBUG\JFDCTINT.OBJ
C:\BUSINESS\LIB\VISIMAGEUTIL\2.5\WIN32\SOURCE_VS2010_HTML5\LIB\INFOLIBJPEG\DEBUG\JFDCTINT.SBR
C:\BUSINESS\LIB\VISIMAGEUTIL\2.5\WIN32\SOURCE_VS2010_HTML5\LIB\INFOLIBJPEG\DEBUG\JIDCTFLT.OBJ
C:\BUSINESS\LIB\VISIMAGEUTIL\2.5\WIN32\SOURCE_VS2010_HTML5\LIB\INFOLIBJPEG\DEBUG\JIDCTFLT.SBR
C:\BUSINESS\LIB\VISIMAGEUTIL\2.5\WIN32\SOURCE_VS2010_HTML5\LIB\INFOLIBJPEG\DEBUG\JIDCTFST.OBJ
C:\BUSINESS\LIB\VISIMAGEUTIL\2.5\WIN32\SOURCE_VS2010_HTML5\LIB\INFOLIBJPEG\DEBUG\JIDCTFST.SBR
C:\BUSINESS\LIB\VISIMAGEUTIL\2.5\WIN32\SOURCE_VS2010_HTML5\LIB\INFOLIBJPEG\DEBUG\JIDCTINT.OBJ
C:\BUSINESS\LIB\VISIMAGEUTIL\2.5\WIN32\SOURCE_VS2010_HTML5\LIB\INFOLIBJPEG\DEBUG\JIDCTINT.SBR
C:\BUSINESS\LIB\VISIMAGEUTIL\2.5\WIN32\SOURCE_VS2010_HTML5\LIB\INFOLIBJPEG\DEBUG\JMEMMGR.OBJ
C:\BUSINESS\LIB\VISIMAGEUTIL\2.5\WIN32\SOURCE_VS2010_HTML5\LIB\INFOLIBJPEG\DEBUG\JMEMMGR.SBR
C:\BUSINESS\LIB\VISIMAGEUTIL\2.5\WIN32\SOURCE_VS2010_HTML5\LIB\INFOLIBJPEG\DEBUG\JMEMNOBS.OBJ
C:\BUSINESS\LIB\VISIMAGEUTIL\2.5\WIN32\SOURCE_VS2010_HTML5\LIB\INFOLIBJPEG\DEBUG\JMEMNOBS.SBR
C:\BUSINESS\LIB\VISIMAGEUTIL\2.5\WIN32\SOURCE_VS2010_HTML5\LIB\INFOLIBJPEG\DEBUG\JPEG_MAIN.OBJ
C:\BUSINESS\LIB\VISIMAGEUTIL\2.5\WIN32\SOURCE_VS2010_HTML5\LIB\INFOLIBJPEG\DEBUG\JPEG_MAIN.SBR
C:\BUSINESS\LIB\VISIMAGEUTIL\2.5\WIN32\SOURCE_VS2010_HTML5\LIB\INFOLIBJPEG\DEBUG\JPEGTRAN.OBJ
C:\BUSINESS\LIB\VISIMAGEUTIL\2.5\WIN32\SOURCE_VS2010_HTML5\LIB\INFOLIBJPEG\DEBUG\JPEGTRAN.SBR
C:\BUSINESS\LIB\VISIMAGEUTIL\2.5\WIN32\SOURCE_VS2010_HTML5\LIB\INFOLIBJPEG\DEBUG\JQUANT1.OBJ
C:\BUSINESS\LIB\VISIMAGEUTIL\2.5\WIN32\SOURCE_VS2010_HTML5\LIB\INFOLIBJPEG\DEBUG\JQUANT1.SBR
C:\BUSINESS\LIB\VISIMAGEUTIL\2.5\WIN32\SOURCE_VS2010_HTML5\LIB\INFOLIBJPEG\DEBUG\JQUANT2.OBJ
C:\BUSINESS\LIB\VISIMAGEUTIL\2.5\WIN32\SOURCE_VS2010_HTML5\LIB\INFOLIBJPEG\DEBUG\JQUANT2.SBR
C:\BUSINESS\LIB\VISIMAGEUTIL\2.5\WIN32\SOURCE_VS2010_HTML5\LIB\INFOLIBJPEG\DEBUG\JUTILS.OBJ
C:\BUSINESS\LIB\VISIMAGEUTIL\2.5\WIN32\SOURCE_VS2010_HTML5\LIB\INFOLIBJPEG\DEBUG\JUTILS.SBR
C:\Business\LIB\VisImageUtil\2.5\Win32\Source_VS2010_html5\LIB\INFOLIBJPEG\Debug\lib.command.1.tlog
C:\Business\LIB\VisImageUtil\2.5\Win32\Source_VS2010_html5\LIB\INFOLIBJPEG\Debug\Lib-link.read.1.tlog
C:\Business\LIB\VisImageUtil\2.5\Win32\Source_VS2010_html5\LIB\INFOLIBJPEG\Debug\Lib-link.write.1.tlog
C:\Business\LIB\VisImageUtil\2.5\Win32\Source_VS2010_html5\LIB\INFOLIBJPEG\Debug\vc100.idb
C:\BUSINESS\LIB\VISIMAGEUTIL\2.5\WIN32\SOURCE_VS2010_HTML5\LIB\INFOLIBJPEG\DEBUG\VC100.PDB
