C:\Business\LIB\VisImageUtil\2.5\Win32\Source_VS2010\LIB\INFOLIBJPEG\.\Release\INFOLIBJPEG.lib
C:\Business\LIB\VisImageUtil\2.5\Win32\Source_VS2010\LIB\INFOLIBJPEG\Release\cl.command.1.tlog
C:\Business\LIB\VisImageUtil\2.5\Win32\Source_VS2010\LIB\INFOLIBJPEG\Release\CL.read.1.tlog
C:\Business\LIB\VisImageUtil\2.5\Win32\Source_VS2010\LIB\INFOLIBJPEG\Release\CL.write.1.tlog
C:\BUSINESS\LIB\VISIMAGEUTIL\2.5\WIN32\SOURCE_VS2010\LIB\INFOLIBJPEG\RELEASE\INFOLIBJPEG.LIB
C:\Business\LIB\VisImageUtil\2.5\Win32\Source_VS2010\LIB\INFOLIBJPEG\Release\INFOLIBJPEG.write.1.tlog
C:\BUSINESS\LIB\VISIMAGEUTIL\2.5\WIN32\SOURCE_VS2010\LIB\INFOLIBJPEG\RELEASE\INFOLIBJPEGDIB.OBJ
C:\BUSINESS\LIB\VISIMAGEUTIL\2.5\WIN32\SOURCE_VS2010\LIB\INFOLIBJPEG\RELEASE\JARICOM.OBJ
C:\BUSINESS\LIB\VISIMAGEUTIL\2.5\WIN32\SOURCE_VS2010\LIB\INFOLIBJPEG\RELEASE\JCAPIMIN.OBJ
C:\BUSINESS\LIB\VISIMAGEUTIL\2.5\WIN32\SOURCE_VS2010\LIB\INFOLIBJPEG\RELEASE\JCAPISTD.OBJ
C:\BUSINESS\LIB\VISIMAGEUTIL\2.5\WIN32\SOURCE_VS2010\LIB\INFOLIBJPEG\RELEASE\JCARITH.OBJ
C:\BUSINESS\LIB\VISIMAGEUTIL\2.5\WIN32\SOURCE_VS2010\LIB\INFOLIBJPEG\RELEASE\JCCOEFCT.OBJ
C:\BUSINESS\LIB\VISIMAGEUTIL\2.5\WIN32\SOURCE_VS2010\LIB\INFOLIBJPEG\RELEASE\JCCOLOR.OBJ
C:\BUSINESS\LIB\VISIMAGEUTIL\2.5\WIN32\SOURCE_VS2010\LIB\INFOLIBJPEG\RELEASE\JCDCTMGR.OBJ
C:\BUSINESS\LIB\VISIMAGEUTIL\2.5\WIN32\SOURCE_VS2010\LIB\INFOLIBJPEG\RELEASE\JCHUFF.OBJ
C:\BUSINESS\LIB\VISIMAGEUTIL\2.5\WIN32\SOURCE_VS2010\LIB\INFOLIBJPEG\RELEASE\JCINIT.OBJ
C:\BUSINESS\LIB\VISIMAGEUTIL\2.5\WIN32\SOURCE_VS2010\LIB\INFOLIBJPEG\RELEASE\JCMAINCT.OBJ
C:\BUSINESS\LIB\VISIMAGEUTIL\2.5\WIN32\SOURCE_VS2010\LIB\INFOLIBJPEG\RELEASE\JCMARKER.OBJ
C:\BUSINESS\LIB\VISIMAGEUTIL\2.5\WIN32\SOURCE_VS2010\LIB\INFOLIBJPEG\RELEASE\JCMASTER.OBJ
C:\BUSINESS\LIB\VISIMAGEUTIL\2.5\WIN32\SOURCE_VS2010\LIB\INFOLIBJPEG\RELEASE\JCOMAPI.OBJ
C:\BUSINESS\LIB\VISIMAGEUTIL\2.5\WIN32\SOURCE_VS2010\LIB\INFOLIBJPEG\RELEASE\JCPARAM.OBJ
C:\BUSINESS\LIB\VISIMAGEUTIL\2.5\WIN32\SOURCE_VS2010\LIB\INFOLIBJPEG\RELEASE\JCPREPCT.OBJ
C:\BUSINESS\LIB\VISIMAGEUTIL\2.5\WIN32\SOURCE_VS2010\LIB\INFOLIBJPEG\RELEASE\JCSAMPLE.OBJ
C:\BUSINESS\LIB\VISIMAGEUTIL\2.5\WIN32\SOURCE_VS2010\LIB\INFOLIBJPEG\RELEASE\JCTRANS.OBJ
C:\BUSINESS\LIB\VISIMAGEUTIL\2.5\WIN32\SOURCE_VS2010\LIB\INFOLIBJPEG\RELEASE\JDAPIMIN.OBJ
C:\BUSINESS\LIB\VISIMAGEUTIL\2.5\WIN32\SOURCE_VS2010\LIB\INFOLIBJPEG\RELEASE\JDAPISTD.OBJ
C:\BUSINESS\LIB\VISIMAGEUTIL\2.5\WIN32\SOURCE_VS2010\LIB\INFOLIBJPEG\RELEASE\JDARITH.OBJ
C:\BUSINESS\LIB\VISIMAGEUTIL\2.5\WIN32\SOURCE_VS2010\LIB\INFOLIBJPEG\RELEASE\JDATADST.OBJ
C:\BUSINESS\LIB\VISIMAGEUTIL\2.5\WIN32\SOURCE_VS2010\LIB\INFOLIBJPEG\RELEASE\JDATASRC.OBJ
C:\BUSINESS\LIB\VISIMAGEUTIL\2.5\WIN32\SOURCE_VS2010\LIB\INFOLIBJPEG\RELEASE\JDCOEFCT.OBJ
C:\BUSINESS\LIB\VISIMAGEUTIL\2.5\WIN32\SOURCE_VS2010\LIB\INFOLIBJPEG\RELEASE\JDCOLOR.OBJ
C:\BUSINESS\LIB\VISIMAGEUTIL\2.5\WIN32\SOURCE_VS2010\LIB\INFOLIBJPEG\RELEASE\JDDCTMGR.OBJ
C:\BUSINESS\LIB\VISIMAGEUTIL\2.5\WIN32\SOURCE_VS2010\LIB\INFOLIBJPEG\RELEASE\JDHUFF.OBJ
C:\BUSINESS\LIB\VISIMAGEUTIL\2.5\WIN32\SOURCE_VS2010\LIB\INFOLIBJPEG\RELEASE\JDINPUT.OBJ
C:\BUSINESS\LIB\VISIMAGEUTIL\2.5\WIN32\SOURCE_VS2010\LIB\INFOLIBJPEG\RELEASE\JDMAINCT.OBJ
C:\BUSINESS\LIB\VISIMAGEUTIL\2.5\WIN32\SOURCE_VS2010\LIB\INFOLIBJPEG\RELEASE\JDMARKER.OBJ
C:\BUSINESS\LIB\VISIMAGEUTIL\2.5\WIN32\SOURCE_VS2010\LIB\INFOLIBJPEG\RELEASE\JDMASTER.OBJ
C:\BUSINESS\LIB\VISIMAGEUTIL\2.5\WIN32\SOURCE_VS2010\LIB\INFOLIBJPEG\RELEASE\JDMERGE.OBJ
C:\BUSINESS\LIB\VISIMAGEUTIL\2.5\WIN32\SOURCE_VS2010\LIB\INFOLIBJPEG\RELEASE\JDPOSTCT.OBJ
C:\BUSINESS\LIB\VISIMAGEUTIL\2.5\WIN32\SOURCE_VS2010\LIB\INFOLIBJPEG\RELEASE\JDSAMPLE.OBJ
C:\BUSINESS\LIB\VISIMAGEUTIL\2.5\WIN32\SOURCE_VS2010\LIB\INFOLIBJPEG\RELEASE\JDTRANS.OBJ
C:\BUSINESS\LIB\VISIMAGEUTIL\2.5\WIN32\SOURCE_VS2010\LIB\INFOLIBJPEG\RELEASE\JERROR.OBJ
C:\BUSINESS\LIB\VISIMAGEUTIL\2.5\WIN32\SOURCE_VS2010\LIB\INFOLIBJPEG\RELEASE\JFDCTFLT.OBJ
C:\BUSINESS\LIB\VISIMAGEUTIL\2.5\WIN32\SOURCE_VS2010\LIB\INFOLIBJPEG\RELEASE\JFDCTFST.OBJ
C:\BUSINESS\LIB\VISIMAGEUTIL\2.5\WIN32\SOURCE_VS2010\LIB\INFOLIBJPEG\RELEASE\JFDCTINT.OBJ
C:\BUSINESS\LIB\VISIMAGEUTIL\2.5\WIN32\SOURCE_VS2010\LIB\INFOLIBJPEG\RELEASE\JIDCTFLT.OBJ
C:\BUSINESS\LIB\VISIMAGEUTIL\2.5\WIN32\SOURCE_VS2010\LIB\INFOLIBJPEG\RELEASE\JIDCTFST.OBJ
C:\BUSINESS\LIB\VISIMAGEUTIL\2.5\WIN32\SOURCE_VS2010\LIB\INFOLIBJPEG\RELEASE\JIDCTINT.OBJ
C:\BUSINESS\LIB\VISIMAGEUTIL\2.5\WIN32\SOURCE_VS2010\LIB\INFOLIBJPEG\RELEASE\JMEMMGR.OBJ
C:\BUSINESS\LIB\VISIMAGEUTIL\2.5\WIN32\SOURCE_VS2010\LIB\INFOLIBJPEG\RELEASE\JMEMNOBS.OBJ
C:\BUSINESS\LIB\VISIMAGEUTIL\2.5\WIN32\SOURCE_VS2010\LIB\INFOLIBJPEG\RELEASE\JPEG_MAIN.OBJ
C:\BUSINESS\LIB\VISIMAGEUTIL\2.5\WIN32\SOURCE_VS2010\LIB\INFOLIBJPEG\RELEASE\JPEGTRAN.OBJ
C:\BUSINESS\LIB\VISIMAGEUTIL\2.5\WIN32\SOURCE_VS2010\LIB\INFOLIBJPEG\RELEASE\JQUANT1.OBJ
C:\BUSINESS\LIB\VISIMAGEUTIL\2.5\WIN32\SOURCE_VS2010\LIB\INFOLIBJPEG\RELEASE\JQUANT2.OBJ
C:\BUSINESS\LIB\VISIMAGEUTIL\2.5\WIN32\SOURCE_VS2010\LIB\INFOLIBJPEG\RELEASE\JUTILS.OBJ
C:\Business\LIB\VisImageUtil\2.5\Win32\Source_VS2010\LIB\INFOLIBJPEG\Release\lib.command.1.tlog
C:\Business\LIB\VisImageUtil\2.5\Win32\Source_VS2010\LIB\INFOLIBJPEG\Release\Lib-link.read.1.tlog
C:\Business\LIB\VisImageUtil\2.5\Win32\Source_VS2010\LIB\INFOLIBJPEG\Release\Lib-link.write.1.tlog
C:\BUSINESS\LIB\VISIMAGEUTIL\2.5\WIN32\SOURCE_VS2010\LIB\INFOLIBJPEG\RELEASE\VC100.PDB
